2016-11-18 12:32:20.815 [main] INFO  cn.vpclub.DemoApplication - Starting DemoApplication on k8s-minion3 with PID 1482 (/home/vpclub/openshift/fabric/ipservice/target/classes started by vpclub in /home/vpclub/openshift/fabric/ipservice)
2016-11-18 12:32:20.817 [main] INFO  cn.vpclub.DemoApplication - No active profile set, falling back to default profiles: default
2016-11-18 12:32:20.914 [main] INFO  o.s.c.a.AnnotationConfigApplicationContext - Refreshing org.springframework.context.annotation.AnnotationConfigApplicationContext@24105dc5: startup date [Fri Nov 18 12:32:20 CST 2016]; root of context hierarchy
2016-11-18 12:32:21.101 [main] INFO  o.s.b.f.a.AutowiredAnnotationBeanPostProcessor - JSR-330 'javax.inject.Inject' annotation found and supported for autowiring
2016-11-18 12:32:21.214 [main] INFO  o.s.c.s.PostProcessorRegistrationDelegate$BeanPostProcessorChecker - Bean 'encrypt.CONFIGURATION_PROPERTIES' of type [class org.springframework.cloud.bootstrap.encrypt.KeyProperties] is not eligible for getting processed by all BeanPostProcessors (for example: not eligible for auto-proxying)
2016-11-18 12:32:21.214 [main] INFO  o.s.c.s.PostProcessorRegistrationDelegate$BeanPostProcessorChecker - Bean 'encryptionBootstrapConfiguration' of type [class org.springframework.cloud.bootstrap.encrypt.EncryptionBootstrapConfiguration$$EnhancerBySpringCGLIB$$f64421d6] is not eligible for getting processed by all BeanPostProcessors (for example: not eligible for auto-proxying)
2016-11-18 12:32:21.281 [main] WARN  i.f.s.c.k.KubernetesClientProperties - No namespace has been detected. Please specify KUBERNETES_NAMESPACE env var, or use a later kubernetes version (1.3 or later)
2016-11-18 12:32:21.382 [main] INFO  cn.vpclub.DemoApplication - Started DemoApplication in 1.937 seconds (JVM running for 3.903)
2016-11-18 12:32:31.635 [main] WARN  i.f.s.c.k.c.ConfigMapPropertySource - Can't read configMap with name: [ipservice] in namespace:[null]. Ignoring
2016-11-18 12:32:31.641 [main] INFO  o.s.c.b.c.PropertySourceBootstrapConfiguration - Located property source: ConfigMapPropertySource [name='configmap.ipservice.null']
2016-11-18 12:32:31.645 [main] INFO  cn.vpclub.DemoApplication - No active profile set, falling back to default profiles: default
2016-11-18 12:32:31.672 [main] INFO  o.s.b.c.e.AnnotationConfigEmbeddedWebApplicationContext - Refreshing org.springframework.boot.context.embedded.AnnotationConfigEmbeddedWebApplicationContext@681aad3b: startup date [Fri Nov 18 12:32:31 CST 2016]; parent: org.springframework.context.annotation.AnnotationConfigApplicationContext@24105dc5
2016-11-18 12:32:32.402 [main] INFO  o.s.b.f.s.DefaultListableBeanFactory - Overriding bean definition for bean 'beanNameViewResolver' with a different definition: replacing [Root bean: class [null]; scope=; abstract=false; lazyInit=false; autowireMode=3; dependencyCheck=0; autowireCandidate=true; primary=false; factoryBeanName=org.springframework.boot.autoconfigure.web.ErrorMvcAutoConfiguration$WhitelabelErrorViewConfiguration; factoryMethodName=beanNameViewResolver; initMethodName=null; destroyMethodName=(inferred); defined in class path resource [org/springframework/boot/autoconfigure/web/ErrorMvcAutoConfiguration$WhitelabelErrorViewConfiguration.class]] with [Root bean: class [null]; scope=; abstract=false; lazyInit=false; autowireMode=3; dependencyCheck=0; autowireCandidate=true; primary=false; factoryBeanName=org.springframework.boot.autoconfigure.web.WebMvcAutoConfiguration$WebMvcAutoConfigurationAdapter; factoryMethodName=beanNameViewResolver; initMethodName=null; destroyMethodName=(inferred); defined in class path resource [org/springframework/boot/autoconfigure/web/WebMvcAutoConfiguration$WebMvcAutoConfigurationAdapter.class]]
2016-11-18 12:32:32.827 [main] INFO  o.s.cloud.context.scope.GenericScope - BeanFactory id=c5fd426c-33b3-32a6-909a-e2fac8f83a49
2016-11-18 12:32:32.832 [main] INFO  o.s.b.f.a.AutowiredAnnotationBeanPostProcessor - JSR-330 'javax.inject.Inject' annotation found and supported for autowiring
2016-11-18 12:32:32.868 [main] WARN  o.s.b.f.s.DefaultListableBeanFactory - Bean creation exception on non-lazy FactoryBean type check: org.springframework.beans.factory.BeanCreationException: Error creating bean with name 'appConfigMapper' defined in file [/home/vpclub/openshift/fabric/ipservice/target/classes/cn/vpclub/storage/mapper/AppConfigMapper.class]: Cannot resolve reference to bean 'sqlSessionFactory' while setting bean property 'sqlSessionFactory'; nested exception is org.springframework.beans.factory.BeanCurrentlyInCreationException: Error creating bean with name 'sqlSessionFactory': Requested bean is currently in creation: Is there an unresolvable circular reference?
2016-11-18 12:32:32.869 [main] WARN  o.s.b.f.s.DefaultListableBeanFactory - Bean creation exception on non-lazy FactoryBean type check: org.springframework.beans.factory.BeanCreationException: Error creating bean with name 'sequencesMapper' defined in file [/home/vpclub/openshift/fabric/ipservice/target/classes/cn/vpclub/storage/mapper/SequencesMapper.class]: Cannot resolve reference to bean 'sqlSessionFactory' while setting bean property 'sqlSessionFactory'; nested exception is org.springframework.beans.factory.BeanCurrentlyInCreationException: Error creating bean with name 'sqlSessionFactory': Requested bean is currently in creation: Is there an unresolvable circular reference?
2016-11-18 12:32:32.874 [main] WARN  o.s.b.f.s.DefaultListableBeanFactory - Bean creation exception on non-lazy FactoryBean type check: org.springframework.beans.factory.BeanCreationException: Error creating bean with name 'appConfigMapper' defined in file [/home/vpclub/openshift/fabric/ipservice/target/classes/cn/vpclub/storage/mapper/AppConfigMapper.class]: Cannot resolve reference to bean 'sqlSessionFactory' while setting bean property 'sqlSessionFactory'; nested exception is org.springframework.beans.factory.BeanCurrentlyInCreationException: Error creating bean with name 'sqlSessionFactory': Requested bean is currently in creation: Is there an unresolvable circular reference?
2016-11-18 12:32:32.874 [main] WARN  o.s.b.f.s.DefaultListableBeanFactory - Bean creation exception on non-lazy FactoryBean type check: org.springframework.beans.factory.BeanCreationException: Error creating bean with name 'sequencesMapper' defined in file [/home/vpclub/openshift/fabric/ipservice/target/classes/cn/vpclub/storage/mapper/SequencesMapper.class]: Cannot resolve reference to bean 'sqlSessionFactory' while setting bean property 'sqlSessionFactory'; nested exception is org.springframework.beans.factory.BeanCurrentlyInCreationException: Error creating bean with name 'sqlSessionFactory': Requested bean is currently in creation: Is there an unresolvable circular reference?
2016-11-18 12:32:32.890 [main] WARN  o.s.b.f.s.DefaultListableBeanFactory - Bean creation exception on non-lazy FactoryBean type check: org.springframework.beans.factory.BeanCreationException: Error creating bean with name 'appConfigMapper' defined in file [/home/vpclub/openshift/fabric/ipservice/target/classes/cn/vpclub/storage/mapper/AppConfigMapper.class]: Cannot resolve reference to bean 'sqlSessionFactory' while setting bean property 'sqlSessionFactory'; nested exception is org.springframework.beans.factory.BeanCurrentlyInCreationException: Error creating bean with name 'sqlSessionFactory': Requested bean is currently in creation: Is there an unresolvable circular reference?
2016-11-18 12:32:32.891 [main] WARN  o.s.b.f.s.DefaultListableBeanFactory - Bean creation exception on non-lazy FactoryBean type check: org.springframework.beans.factory.BeanCreationException: Error creating bean with name 'sequencesMapper' defined in file [/home/vpclub/openshift/fabric/ipservice/target/classes/cn/vpclub/storage/mapper/SequencesMapper.class]: Cannot resolve reference to bean 'sqlSessionFactory' while setting bean property 'sqlSessionFactory'; nested exception is org.springframework.beans.factory.BeanCurrentlyInCreationException: Error creating bean with name 'sqlSessionFactory': Requested bean is currently in creation: Is there an unresolvable circular reference?
2016-11-18 12:32:32.893 [main] WARN  o.s.b.f.s.DefaultListableBeanFactory - Bean creation exception on non-lazy FactoryBean type check: org.springframework.beans.factory.BeanCreationException: Error creating bean with name 'appConfigMapper' defined in file [/home/vpclub/openshift/fabric/ipservice/target/classes/cn/vpclub/storage/mapper/AppConfigMapper.class]: Cannot resolve reference to bean 'sqlSessionFactory' while setting bean property 'sqlSessionFactory'; nested exception is org.springframework.beans.factory.BeanCurrentlyInCreationException: Error creating bean with name 'sqlSessionFactory': Requested bean is currently in creation: Is there an unresolvable circular reference?
2016-11-18 12:32:32.894 [main] WARN  o.s.b.f.s.DefaultListableBeanFactory - Bean creation exception on non-lazy FactoryBean type check: org.springframework.beans.factory.BeanCreationException: Error creating bean with name 'sequencesMapper' defined in file [/home/vpclub/openshift/fabric/ipservice/target/classes/cn/vpclub/storage/mapper/SequencesMapper.class]: Cannot resolve reference to bean 'sqlSessionFactory' while setting bean property 'sqlSessionFactory'; nested exception is org.springframework.beans.factory.BeanCurrentlyInCreationException: Error creating bean with name 'sqlSessionFactory': Requested bean is currently in creation: Is there an unresolvable circular reference?
2016-11-18 12:32:32.962 [main] INFO  o.s.c.s.PostProcessorRegistrationDelegate$BeanPostProcessorChecker - Bean 'spring.datasource.CONFIGURATION_PROPERTIES' of type [class org.springframework.boot.autoconfigure.jdbc.DataSourceProperties] is not eligible for getting processed by all BeanPostProcessors (for example: not eligible for auto-proxying)
2016-11-18 12:32:32.963 [main] INFO  o.s.c.s.PostProcessorRegistrationDelegate$BeanPostProcessorChecker - Bean 'org.springframework.boot.autoconfigure.jdbc.DataSourceAutoConfiguration$NonEmbeddedConfiguration' of type [class org.springframework.boot.autoconfigure.jdbc.DataSourceAutoConfiguration$NonEmbeddedConfiguration] is not eligible for getting processed by all BeanPostProcessors (for example: not eligible for auto-proxying)
2016-11-18 12:32:33.485 [main] INFO  o.s.c.s.PostProcessorRegistrationDelegate$BeanPostProcessorChecker - Bean 'dataSource' of type [class com.alibaba.druid.pool.DruidDataSource] is not eligible for getting processed by all BeanPostProcessors (for example: not eligible for auto-proxying)
2016-11-18 12:32:33.486 [main] INFO  o.s.c.s.PostProcessorRegistrationDelegate$BeanPostProcessorChecker - Bean 'mybatisConfiguration' of type [class cn.vpclub.storage.config.MybatisConfiguration$$EnhancerBySpringCGLIB$$a783ae83] is not eligible for getting processed by all BeanPostProcessors (for example: not eligible for auto-proxying)
2016-11-18 12:32:33.730 [main] INFO  o.s.c.s.PostProcessorRegistrationDelegate$BeanPostProcessorChecker - Bean 'sqlSessionFactory' of type [class org.apache.ibatis.session.defaults.DefaultSqlSessionFactory] is not eligible for getting processed by all BeanPostProcessors (for example: not eligible for auto-proxying)
2016-11-18 12:32:33.736 [main] INFO  o.s.c.s.PostProcessorRegistrationDelegate$BeanPostProcessorChecker - Bean 'appInfoMapper' of type [class tk.mybatis.spring.mapper.MapperFactoryBean] is not eligible for getting processed by all BeanPostProcessors (for example: not eligible for auto-proxying)
2016-11-18 12:32:33.736 [main] INFO  o.s.c.s.PostProcessorRegistrationDelegate$BeanPostProcessorChecker - Bean 'appConfigMapper' of type [class tk.mybatis.spring.mapper.MapperFactoryBean] is not eligible for getting processed by all BeanPostProcessors (for example: not eligible for auto-proxying)
2016-11-18 12:32:33.737 [main] INFO  o.s.c.s.PostProcessorRegistrationDelegate$BeanPostProcessorChecker - Bean 'sequencesMapper' of type [class tk.mybatis.spring.mapper.MapperFactoryBean] is not eligible for getting processed by all BeanPostProcessors (for example: not eligible for auto-proxying)
2016-11-18 12:32:33.768 [main] INFO  o.s.c.s.PostProcessorRegistrationDelegate$BeanPostProcessorChecker - Bean 'redisCacheConfig' of type [class cn.vpclub.storage.config.RedisCacheConfig$$EnhancerBySpringCGLIB$$954b7e89] is not eligible for getting processed by all BeanPostProcessors (for example: not eligible for auto-proxying)
2016-11-18 12:32:33.781 [main] INFO  o.s.c.s.PostProcessorRegistrationDelegate$BeanPostProcessorChecker - Bean 'annotationDrivenTransactionManager' of type [class org.springframework.jdbc.datasource.DataSourceTransactionManager] is not eligible for getting processed by all BeanPostProcessors (for example: not eligible for auto-proxying)
2016-11-18 12:32:34.619 [main] INFO  o.s.c.s.PostProcessorRegistrationDelegate$BeanPostProcessorChecker - Bean 'org.springframework.transaction.annotation.ProxyTransactionManagementConfiguration' of type [class org.springframework.transaction.annotation.ProxyTransactionManagementConfiguration$$EnhancerBySpringCGLIB$$3577f79d] is not eligible for getting processed by all BeanPostProcessors (for example: not eligible for auto-proxying)
2016-11-18 12:32:34.646 [main] INFO  o.s.c.s.PostProcessorRegistrationDelegate$BeanPostProcessorChecker - Bean 'org.springframework.cache.annotation.ProxyCachingConfiguration' of type [class org.springframework.cache.annotation.ProxyCachingConfiguration$$EnhancerBySpringCGLIB$$9cd5c1fb] is not eligible for getting processed by all BeanPostProcessors (for example: not eligible for auto-proxying)
2016-11-18 12:32:35.289 [main] INFO  o.s.c.s.PostProcessorRegistrationDelegate$BeanPostProcessorChecker - Bean 'org.springframework.cloud.autoconfigure.RefreshAutoConfiguration$ConfigurationPropertiesRebinderConfiguration' of type [class org.springframework.cloud.autoconfigure.RefreshAutoConfiguration$ConfigurationPropertiesRebinderConfiguration$$EnhancerBySpringCGLIB$$267ae4b3] is not eligible for getting processed by all BeanPostProcessors (for example: not eligible for auto-proxying)
2016-11-18 12:32:35.623 [main] INFO  o.s.b.c.e.t.TomcatEmbeddedServletContainer - Tomcat initialized with port(s): 8080 (http)
2016-11-18 12:32:35.639 [main] INFO  o.a.catalina.core.StandardService - Starting service Tomcat
2016-11-18 12:32:35.640 [main] INFO  o.a.catalina.core.StandardEngine - Starting Servlet Engine: Apache Tomcat/8.0.32
2016-11-18 12:32:35.760 [localhost-startStop-1] INFO  o.a.c.c.C.[Tomcat].[localhost].[/] - Initializing Spring embedded WebApplicationContext
2016-11-18 12:32:35.761 [localhost-startStop-1] INFO  o.s.web.context.ContextLoader - Root WebApplicationContext: initialization completed in 4089 ms
2016-11-18 12:32:36.075 [localhost-startStop-1] INFO  o.s.b.c.e.ServletRegistrationBean - Mapping servlet: 'dispatcherServlet' to [/]
2016-11-18 12:32:36.078 [localhost-startStop-1] INFO  o.s.b.c.e.FilterRegistrationBean - Mapping filter: 'metricFilter' to: [/*]
2016-11-18 12:32:36.079 [localhost-startStop-1] INFO  o.s.b.c.e.FilterRegistrationBean - Mapping filter: 'characterEncodingFilter' to: [/*]
2016-11-18 12:32:36.079 [localhost-startStop-1] INFO  o.s.b.c.e.FilterRegistrationBean - Mapping filter: 'hiddenHttpMethodFilter' to: [/*]
2016-11-18 12:32:36.079 [localhost-startStop-1] INFO  o.s.b.c.e.FilterRegistrationBean - Mapping filter: 'httpPutFormContentFilter' to: [/*]
2016-11-18 12:32:36.079 [localhost-startStop-1] INFO  o.s.b.c.e.FilterRegistrationBean - Mapping filter: 'requestContextFilter' to: [/*]
2016-11-18 12:32:36.079 [localhost-startStop-1] INFO  o.s.b.c.e.FilterRegistrationBean - Mapping filter: 'webRequestLoggingFilter' to: [/*]
2016-11-18 12:32:36.080 [localhost-startStop-1] INFO  o.s.b.c.e.FilterRegistrationBean - Mapping filter: 'applicationContextIdFilter' to: [/*]
2016-11-18 12:32:36.241 [main] INFO  com.atomikos.logging.LoggerFactory - Using Slf4J for logging.
2016-11-18 12:32:36.241 [main] WARN  c.a.i.c.UserTransactionServiceImp - No properties path set - looking for transactions.properties in classpath...
2016-11-18 12:32:36.242 [main] WARN  c.a.i.c.UserTransactionServiceImp - transactions.properties not found - looking for jta.properties in classpath...
2016-11-18 12:32:36.242 [main] WARN  c.a.i.c.UserTransactionServiceImp - Failed to open transactions properties file - using default values
2016-11-18 12:32:36.252 [main] WARN  c.a.i.c.UserTransactionServiceImp - No properties path set - looking for transactions.properties in classpath...
2016-11-18 12:32:36.252 [main] WARN  c.a.i.c.UserTransactionServiceImp - transactions.properties not found - looking for jta.properties in classpath...
2016-11-18 12:32:36.253 [main] WARN  c.a.i.c.UserTransactionServiceImp - Failed to open transactions properties file - using default values
2016-11-18 12:32:36.295 [main] INFO  c.a.p.imp.StateRecoveryManagerImp - com.atomikos.persistence.imp.WriteAheadObjectLog instantiation failed - falling back to default
2016-11-18 12:32:36.296 [main] INFO  c.a.p.imp.AbstractLogStream - Logfile closed: /home/vpclub/openshift/fabric/ipservice/./tmlog-1.log
2016-11-18 12:32:36.336 [main] INFO  c.a.i.c.i.AbstractUserTransactionService - USING core version: 3.9.3
2016-11-18 12:32:36.337 [main] INFO  c.a.i.c.i.AbstractUserTransactionService - USING com.atomikos.icatch.automatic_resource_registration = true
2016-11-18 12:32:36.337 [main] INFO  c.a.i.c.i.AbstractUserTransactionService - USING com.atomikos.icatch.client_demarcation = false
2016-11-18 12:32:36.337 [main] INFO  c.a.i.c.i.AbstractUserTransactionService - USING com.atomikos.icatch.threaded_2pc = false
2016-11-18 12:32:36.337 [main] INFO  c.a.i.c.i.AbstractUserTransactionService - USING com.atomikos.icatch.serial_jta_transactions = true
2016-11-18 12:32:36.337 [main] INFO  c.a.i.c.i.AbstractUserTransactionService - USING com.atomikos.icatch.serializable_logging = true
2016-11-18 12:32:36.337 [main] INFO  c.a.i.c.i.AbstractUserTransactionService - USING com.atomikos.icatch.log_base_dir = ./
2016-11-18 12:32:36.337 [main] INFO  c.a.i.c.i.AbstractUserTransactionService - USING com.atomikos.icatch.max_actives = 50
2016-11-18 12:32:36.337 [main] INFO  c.a.i.c.i.AbstractUserTransactionService - USING com.atomikos.icatch.checkpoint_interval = 500
2016-11-18 12:32:36.337 [main] INFO  c.a.i.c.i.AbstractUserTransactionService - USING com.atomikos.icatch.enable_logging = true
2016-11-18 12:32:36.337 [main] INFO  c.a.i.c.i.AbstractUserTransactionService - USING com.atomikos.icatch.output_dir = ./
2016-11-18 12:32:36.337 [main] INFO  c.a.i.c.i.AbstractUserTransactionService - USING com.atomikos.icatch.log_base_name = tmlog
2016-11-18 12:32:36.337 [main] INFO  c.a.i.c.i.AbstractUserTransactionService - USING com.atomikos.icatch.max_timeout = 300000
2016-11-18 12:32:36.337 [main] INFO  c.a.i.c.i.AbstractUserTransactionService - USING com.atomikos.icatch.tm_unique_name = 127.0.1.1.tm
2016-11-18 12:32:36.337 [main] INFO  c.a.i.c.i.AbstractUserTransactionService - USING java.naming.factory.initial = com.sun.jndi.rmi.registry.RegistryContextFactory
2016-11-18 12:32:36.337 [main] INFO  c.a.i.c.i.AbstractUserTransactionService - USING java.naming.provider.url = rmi://localhost:1099
2016-11-18 12:32:36.337 [main] INFO  c.a.i.c.i.AbstractUserTransactionService - USING com.atomikos.icatch.service = com.atomikos.icatch.standalone.UserTransactionServiceFactory
2016-11-18 12:32:36.337 [main] INFO  c.a.i.c.i.AbstractUserTransactionService - USING com.atomikos.icatch.force_shutdown_on_vm_exit = false
2016-11-18 12:32:36.337 [main] INFO  c.a.i.c.i.AbstractUserTransactionService - USING com.atomikos.icatch.default_jta_timeout = 10000
2016-11-18 12:32:36.343 [main] INFO  o.s.t.jta.JtaTransactionManager - Using JTA UserTransaction: com.atomikos.icatch.jta.UserTransactionImp@5792c08c
2016-11-18 12:32:36.343 [main] INFO  o.s.t.jta.JtaTransactionManager - Using JTA TransactionManager: com.atomikos.icatch.jta.UserTransactionManager@4d157493
2016-11-18 12:32:36.507 [main] INFO  o.s.w.s.m.m.a.RequestMappingHandlerAdapter - Looking for @ControllerAdvice: org.springframework.boot.context.embedded.AnnotationConfigEmbeddedWebApplicationContext@681aad3b: startup date [Fri Nov 18 12:32:31 CST 2016]; parent: org.springframework.context.annotation.AnnotationConfigApplicationContext@24105dc5
2016-11-18 12:32:36.608 [main] INFO  o.s.w.s.m.m.a.RequestMappingHandlerMapping - Mapped "{[/common/appInfo/deleteDataInfo],methods=[POST]}" onto public void cn.vpclub.web.AppInfoController.deleteDataInfo(java.util.Map<java.lang.String, java.lang.Object>,javax.servlet.http.HttpServletResponse)
2016-11-18 12:32:36.609 [main] INFO  o.s.w.s.m.m.a.RequestMappingHandlerMapping - Mapped "{[/common/appInfo/findDataPage],methods=[POST]}" onto public void cn.vpclub.web.AppInfoController.findDataPage(cn.vpclub.api.model.request.AppInfoParam,javax.servlet.http.HttpServletResponse)
2016-11-18 12:32:36.610 [main] INFO  o.s.w.s.m.m.a.RequestMappingHandlerMapping - Mapped "{[/common/appInfo/findAllDataList],methods=[POST]}" onto public void cn.vpclub.web.AppInfoController.findAllDataList(java.util.Map<java.lang.String, java.lang.Object>,javax.servlet.http.HttpServletResponse)
2016-11-18 12:32:36.611 [main] INFO  o.s.w.s.m.m.a.RequestMappingHandlerMapping - Mapped "{[/common/appInfo/findDataInfo],methods=[POST]}" onto public void cn.vpclub.web.AppInfoController.findDataInfo(java.util.Map<java.lang.String, java.lang.Object>,javax.servlet.http.HttpServletResponse)
2016-11-18 12:32:36.611 [main] INFO  o.s.w.s.m.m.a.RequestMappingHandlerMapping - Mapped "{[/ip],methods=[GET]}" onto public cn.vpclub.IPAddress cn.vpclub.IPAddressController.ipaddress() throws java.lang.Exception
2016-11-18 12:32:36.613 [main] INFO  o.s.w.s.m.m.a.RequestMappingHandlerMapping - Mapped "{[/error],produces=[text/html]}" onto public org.springframework.web.servlet.ModelAndView org.springframework.boot.autoconfigure.web.BasicErrorController.errorHtml(javax.servlet.http.HttpServletRequest,javax.servlet.http.HttpServletResponse)
2016-11-18 12:32:36.613 [main] INFO  o.s.w.s.m.m.a.RequestMappingHandlerMapping - Mapped "{[/error]}" onto public org.springframework.http.ResponseEntity<java.util.Map<java.lang.String, java.lang.Object>> org.springframework.boot.autoconfigure.web.BasicErrorController.error(javax.servlet.http.HttpServletRequest)
2016-11-18 12:32:36.646 [main] INFO  o.s.w.s.h.SimpleUrlHandlerMapping - Mapped URL path [/webjars/**] onto handler of type [class org.springframework.web.servlet.resource.ResourceHttpRequestHandler]
2016-11-18 12:32:36.646 [main] INFO  o.s.w.s.h.SimpleUrlHandlerMapping - Mapped URL path [/**] onto handler of type [class org.springframework.web.servlet.resource.ResourceHttpRequestHandler]
2016-11-18 12:32:36.679 [main] INFO  o.s.w.s.h.SimpleUrlHandlerMapping - Mapped URL path [/**/favicon.ico] onto handler of type [class org.springframework.web.servlet.resource.ResourceHttpRequestHandler]
2016-11-18 12:32:37.289 [main] INFO  o.s.b.a.e.mvc.EndpointHandlerMapping - Mapped "{[/env],methods=[POST]}" onto public java.lang.Object org.springframework.cloud.context.environment.EnvironmentManagerMvcEndpoint.value(java.util.Map<java.lang.String, java.lang.String>)
2016-11-18 12:32:37.289 [main] INFO  o.s.b.a.e.mvc.EndpointHandlerMapping - Mapped "{[/env/reset],methods=[POST]}" onto public java.util.Map<java.lang.String, java.lang.Object> org.springframework.cloud.context.environment.EnvironmentManagerMvcEndpoint.reset()
2016-11-18 12:32:37.292 [main] INFO  o.s.b.a.e.mvc.EndpointHandlerMapping - Mapped "{[/mappings || /mappings.json],methods=[GET],produces=[application/json]}" onto public java.lang.Object org.springframework.boot.actuate.endpoint.mvc.EndpointMvcAdapter.invoke()
2016-11-18 12:32:37.293 [main] INFO  o.s.b.a.e.mvc.EndpointHandlerMapping - Mapped "{[/restart || /restart.json],methods=[POST]}" onto public java.lang.Object org.springframework.cloud.context.restart.RestartMvcEndpoint.invoke()
2016-11-18 12:32:37.293 [main] INFO  o.s.b.a.e.mvc.EndpointHandlerMapping - Mapped "{[/pause || /pause.json],methods=[POST]}" onto public java.lang.Object org.springframework.cloud.endpoint.GenericPostableMvcEndpoint.invoke()
2016-11-18 12:32:37.294 [main] INFO  o.s.b.a.e.mvc.EndpointHandlerMapping - Mapped "{[/dump || /dump.json],methods=[GET],produces=[application/json]}" onto public java.lang.Object org.springframework.boot.actuate.endpoint.mvc.EndpointMvcAdapter.invoke()
2016-11-18 12:32:37.295 [main] INFO  o.s.b.a.e.mvc.EndpointHandlerMapping - Mapped "{[/metrics/{name:.*}],methods=[GET],produces=[application/json]}" onto public java.lang.Object org.springframework.boot.actuate.endpoint.mvc.MetricsMvcEndpoint.value(java.lang.String)
2016-11-18 12:32:37.295 [main] INFO  o.s.b.a.e.mvc.EndpointHandlerMapping - Mapped "{[/metrics || /metrics.json],methods=[GET],produces=[application/json]}" onto public java.lang.Object org.springframework.boot.actuate.endpoint.mvc.EndpointMvcAdapter.invoke()
2016-11-18 12:32:37.295 [main] INFO  o.s.b.a.e.mvc.EndpointHandlerMapping - Mapped "{[/info || /info.json],methods=[GET],produces=[application/json]}" onto public java.lang.Object org.springframework.boot.actuate.endpoint.mvc.EndpointMvcAdapter.invoke()
2016-11-18 12:32:37.297 [main] INFO  o.s.b.a.e.mvc.EndpointHandlerMapping - Mapped "{[/beans || /beans.json],methods=[GET],produces=[application/json]}" onto public java.lang.Object org.springframework.boot.actuate.endpoint.mvc.EndpointMvcAdapter.invoke()
2016-11-18 12:32:37.298 [main] INFO  o.s.b.a.e.mvc.EndpointHandlerMapping - Mapped "{[/health || /health.json],produces=[application/json]}" onto public java.lang.Object org.springframework.boot.actuate.endpoint.mvc.HealthMvcEndpoint.invoke(java.security.Principal)
2016-11-18 12:32:37.298 [main] INFO  o.s.b.a.e.mvc.EndpointHandlerMapping - Mapped "{[/configprops || /configprops.json],methods=[GET],produces=[application/json]}" onto public java.lang.Object org.springframework.boot.actuate.endpoint.mvc.EndpointMvcAdapter.invoke()
2016-11-18 12:32:37.299 [main] INFO  o.s.b.a.e.mvc.EndpointHandlerMapping - Mapped "{[/resume || /resume.json],methods=[POST]}" onto public java.lang.Object org.springframework.cloud.endpoint.GenericPostableMvcEndpoint.invoke()
2016-11-18 12:32:37.299 [main] INFO  o.s.b.a.e.mvc.EndpointHandlerMapping - Mapped "{[/trace || /trace.json],methods=[GET],produces=[application/json]}" onto public java.lang.Object org.springframework.boot.actuate.endpoint.mvc.EndpointMvcAdapter.invoke()
2016-11-18 12:32:37.300 [main] INFO  o.s.b.a.e.mvc.EndpointHandlerMapping - Mapped "{[/refresh || /refresh.json],methods=[POST]}" onto public java.lang.Object org.springframework.cloud.endpoint.GenericPostableMvcEndpoint.invoke()
2016-11-18 12:32:37.301 [main] INFO  o.s.b.a.e.mvc.EndpointHandlerMapping - Mapped "{[/autoconfig || /autoconfig.json],methods=[GET],produces=[application/json]}" onto public java.lang.Object org.springframework.boot.actuate.endpoint.mvc.EndpointMvcAdapter.invoke()
2016-11-18 12:32:37.302 [main] INFO  o.s.b.a.e.mvc.EndpointHandlerMapping - Mapped "{[/env/{name:.*}],methods=[GET],produces=[application/json]}" onto public java.lang.Object org.springframework.boot.actuate.endpoint.mvc.EnvironmentMvcEndpoint.value(java.lang.String)
2016-11-18 12:32:37.302 [main] INFO  o.s.b.a.e.mvc.EndpointHandlerMapping - Mapped "{[/env || /env.json],methods=[GET],produces=[application/json]}" onto public java.lang.Object org.springframework.boot.actuate.endpoint.mvc.EndpointMvcAdapter.invoke()
2016-11-18 12:32:37.452 [main] INFO  o.s.j.e.a.AnnotationMBeanExporter - Registering beans for JMX exposure on startup
2016-11-18 12:32:37.455 [main] INFO  o.s.j.e.a.AnnotationMBeanExporter - Bean with name 'dataSource' has been autodetected for JMX exposure
2016-11-18 12:32:37.466 [main] INFO  o.s.j.e.a.AnnotationMBeanExporter - Bean with name 'refreshEndpoint' has been autodetected for JMX exposure
2016-11-18 12:32:37.467 [main] INFO  o.s.j.e.a.AnnotationMBeanExporter - Bean with name 'restartEndpoint' has been autodetected for JMX exposure
2016-11-18 12:32:37.468 [main] INFO  o.s.j.e.a.AnnotationMBeanExporter - Bean with name 'configurationPropertiesRebinder' has been autodetected for JMX exposure
2016-11-18 12:32:37.469 [main] INFO  o.s.j.e.a.AnnotationMBeanExporter - Bean with name 'refreshScope' has been autodetected for JMX exposure
2016-11-18 12:32:37.469 [main] INFO  o.s.j.e.a.AnnotationMBeanExporter - Bean with name 'environmentManager' has been autodetected for JMX exposure
2016-11-18 12:32:37.472 [main] INFO  o.s.j.e.a.AnnotationMBeanExporter - Located managed bean 'environmentManager': registering with JMX server as MBean [org.springframework.cloud.context.environment:name=environmentManager,type=EnvironmentManager]
2016-11-18 12:32:37.484 [main] INFO  o.s.j.e.a.AnnotationMBeanExporter - Located managed bean 'restartEndpoint': registering with JMX server as MBean [org.springframework.cloud.context.restart:name=restartEndpoint,type=RestartEndpoint]
2016-11-18 12:32:37.497 [main] INFO  o.s.j.e.a.AnnotationMBeanExporter - Located managed bean 'refreshScope': registering with JMX server as MBean [org.springframework.cloud.context.scope.refresh:name=refreshScope,type=RefreshScope]
2016-11-18 12:32:37.503 [main] INFO  o.s.j.e.a.AnnotationMBeanExporter - Located managed bean 'configurationPropertiesRebinder': registering with JMX server as MBean [org.springframework.cloud.context.properties:name=configurationPropertiesRebinder,context=681aad3b,type=ConfigurationPropertiesRebinder]
2016-11-18 12:32:37.510 [main] INFO  o.s.j.e.a.AnnotationMBeanExporter - Located MBean 'dataSource': registering with JMX server as MBean [com.alibaba.druid.pool:name=dataSource,type=DruidDataSource]
2016-11-18 12:32:37.513 [main] INFO  o.s.j.e.a.AnnotationMBeanExporter - Located managed bean 'refreshEndpoint': registering with JMX server as MBean [org.springframework.cloud.bootstrap.config:name=refreshEndpoint,type=RefreshEndpoint]
2016-11-18 12:32:37.519 [main] INFO  o.s.b.a.e.jmx.EndpointMBeanExporter - Registering beans for JMX exposure on startup
2016-11-18 12:32:37.525 [main] INFO  o.s.c.s.DefaultLifecycleProcessor - Starting beans in phase 0
2016-11-18 12:32:37.528 [main] INFO  o.s.b.a.e.jmx.EndpointMBeanExporter - Located managed bean 'requestMappingEndpoint': registering with JMX server as MBean [org.springframework.boot:type=Endpoint,name=requestMappingEndpoint]
2016-11-18 12:32:37.545 [main] INFO  o.s.b.a.e.jmx.EndpointMBeanExporter - Located managed bean 'environmentEndpoint': registering with JMX server as MBean [org.springframework.boot:type=Endpoint,name=environmentEndpoint]
2016-11-18 12:32:37.555 [main] INFO  o.s.b.a.e.jmx.EndpointMBeanExporter - Located managed bean 'healthEndpoint': registering with JMX server as MBean [org.springframework.boot:type=Endpoint,name=healthEndpoint]
2016-11-18 12:32:37.563 [main] INFO  o.s.b.a.e.jmx.EndpointMBeanExporter - Located managed bean 'beansEndpoint': registering with JMX server as MBean [org.springframework.boot:type=Endpoint,name=beansEndpoint]
2016-11-18 12:32:37.566 [main] INFO  o.s.b.a.e.jmx.EndpointMBeanExporter - Located managed bean 'infoEndpoint': registering with JMX server as MBean [org.springframework.boot:type=Endpoint,name=infoEndpoint]
2016-11-18 12:32:37.578 [main] INFO  o.s.b.a.e.jmx.EndpointMBeanExporter - Located managed bean 'metricsEndpoint': registering with JMX server as MBean [org.springframework.boot:type=Endpoint,name=metricsEndpoint]
2016-11-18 12:32:37.581 [main] INFO  o.s.b.a.e.jmx.EndpointMBeanExporter - Located managed bean 'traceEndpoint': registering with JMX server as MBean [org.springframework.boot:type=Endpoint,name=traceEndpoint]
2016-11-18 12:32:37.586 [main] INFO  o.s.b.a.e.jmx.EndpointMBeanExporter - Located managed bean 'dumpEndpoint': registering with JMX server as MBean [org.springframework.boot:type=Endpoint,name=dumpEndpoint]
2016-11-18 12:32:37.592 [main] INFO  o.s.b.a.e.jmx.EndpointMBeanExporter - Located managed bean 'autoConfigurationReportEndpoint': registering with JMX server as MBean [org.springframework.boot:type=Endpoint,name=autoConfigurationReportEndpoint]
2016-11-18 12:32:37.595 [main] INFO  o.s.b.a.e.jmx.EndpointMBeanExporter - Located managed bean 'configurationPropertiesReportEndpoint': registering with JMX server as MBean [org.springframework.boot:type=Endpoint,name=configurationPropertiesReportEndpoint]
2016-11-18 12:32:37.647 [main] INFO  o.a.coyote.http11.Http11NioProtocol - Initializing ProtocolHandler ["http-nio-8080"]
2016-11-18 12:32:37.664 [main] INFO  o.a.coyote.http11.Http11NioProtocol - Starting ProtocolHandler ["http-nio-8080"]
2016-11-18 12:32:37.672 [main] INFO  o.a.tomcat.util.net.NioSelectorPool - Using a shared selector for servlet write/read
2016-11-18 12:32:37.696 [main] INFO  o.s.b.c.e.t.TomcatEmbeddedServletContainer - Tomcat started on port(s): 8080 (http)
2016-11-18 12:32:37.700 [main] INFO  cn.vpclub.DemoApplication - Started DemoApplication in 18.355 seconds (JVM running for 20.221)
2016-11-18 12:32:40.909 [Thread-2] INFO  o.s.c.a.AnnotationConfigApplicationContext - Closing org.springframework.context.annotation.AnnotationConfigApplicationContext@24105dc5: startup date [Fri Nov 18 12:32:20 CST 2016]; root of context hierarchy
2016-11-18 12:32:40.910 [Thread-2] INFO  o.s.b.c.e.AnnotationConfigEmbeddedWebApplicationContext - Closing org.springframework.boot.context.embedded.AnnotationConfigEmbeddedWebApplicationContext@681aad3b: startup date [Fri Nov 18 12:32:31 CST 2016]; parent: org.springframework.context.annotation.AnnotationConfigApplicationContext@24105dc5
2016-11-18 12:32:40.913 [Thread-2] INFO  o.s.c.s.DefaultLifecycleProcessor - Stopping beans in phase 0
2016-11-18 12:32:40.919 [Thread-2] INFO  o.s.b.a.e.jmx.EndpointMBeanExporter - Unregistering JMX-exposed beans on shutdown
2016-11-18 12:32:40.920 [Thread-2] INFO  o.s.b.a.e.jmx.EndpointMBeanExporter - Unregistering JMX-exposed beans
2016-11-18 12:32:40.921 [Thread-2] INFO  o.s.j.e.a.AnnotationMBeanExporter - Unregistering JMX-exposed beans on shutdown
2016-11-18 12:32:40.921 [Thread-2] INFO  o.s.j.e.a.AnnotationMBeanExporter - Unregistering JMX-exposed beans
2016-11-18 12:32:40.927 [Thread-2] INFO  c.a.p.imp.AbstractLogStream - Logfile closed: /home/vpclub/openshift/fabric/ipservice/./tmlog0.log
2016-11-18 12:32:40.929 [Thread-2] INFO  c.a.icatch.imp.thread.TaskManager - THREADS: using JDK thread pooling...
2016-11-18 12:32:40.940 [Thread-2] WARN  o.s.b.f.s.DisposableBeanAdapter - Invocation of destroy method 'close' failed on bean with name 'sqlSessionTemplate': java.lang.UnsupportedOperationException: Manual close is not allowed over a Spring managed SqlSession
2016-11-18 13:04:00.352 [main] INFO  o.s.t.c.s.AbstractContextLoader - Could not detect default resource locations for test class [cn.vpclub.mockmvc.BaseMockMvcTest]: no resource found for suffixes {-context.xml, Context.groovy}.
2016-11-18 13:04:00.373 [main] INFO  o.s.t.c.w.WebTestContextBootstrapper - Loaded default TestExecutionListener class names from location [META-INF/spring.factories]: [org.springframework.test.context.web.ServletTestExecutionListener, org.springframework.test.context.support.DirtiesContextBeforeModesTestExecutionListener, org.springframework.test.context.support.DependencyInjectionTestExecutionListener, org.springframework.test.context.support.DirtiesContextTestExecutionListener, org.springframework.test.context.transaction.TransactionalTestExecutionListener, org.springframework.test.context.jdbc.SqlScriptsTestExecutionListener]
2016-11-18 13:04:00.399 [main] INFO  o.s.t.c.w.WebTestContextBootstrapper - Using TestExecutionListeners: [org.springframework.test.context.web.ServletTestExecutionListener@1442d7b5, org.springframework.test.context.support.DirtiesContextBeforeModesTestExecutionListener@1efee8e7, org.springframework.test.context.support.DependencyInjectionTestExecutionListener@1ee807c6, org.springframework.test.context.support.DirtiesContextTestExecutionListener@76a4d6c, org.springframework.test.context.transaction.TransactionalTestExecutionListener@517cd4b, org.springframework.test.context.jdbc.SqlScriptsTestExecutionListener@6cc7b4de]
2016-11-18 13:04:02.346 [main] INFO  c.i.rt.execution.junit.JUnitStarter - Starting JUnitStarter on k8s-minion3 with PID 2693 (/home/vpclub/idea-8/plugins/junit/lib/junit-rt.jar started by vpclub in /home/vpclub/openshift/fabric/ipservice)
2016-11-18 13:04:02.347 [main] INFO  c.i.rt.execution.junit.JUnitStarter - No active profile set, falling back to default profiles: default
2016-11-18 13:04:02.388 [main] INFO  o.s.c.a.AnnotationConfigApplicationContext - Refreshing org.springframework.context.annotation.AnnotationConfigApplicationContext@7a67e3c6: startup date [Fri Nov 18 13:04:02 CST 2016]; root of context hierarchy
2016-11-18 13:04:02.659 [main] INFO  o.s.b.f.a.AutowiredAnnotationBeanPostProcessor - JSR-330 'javax.inject.Inject' annotation found and supported for autowiring
2016-11-18 13:04:02.780 [main] INFO  o.s.c.s.PostProcessorRegistrationDelegate$BeanPostProcessorChecker - Bean 'encrypt.CONFIGURATION_PROPERTIES' of type [class org.springframework.cloud.bootstrap.encrypt.KeyProperties] is not eligible for getting processed by all BeanPostProcessors (for example: not eligible for auto-proxying)
2016-11-18 13:04:02.780 [main] INFO  o.s.c.s.PostProcessorRegistrationDelegate$BeanPostProcessorChecker - Bean 'encryptionBootstrapConfiguration' of type [class org.springframework.cloud.bootstrap.encrypt.EncryptionBootstrapConfiguration$$EnhancerBySpringCGLIB$$7a3149c5] is not eligible for getting processed by all BeanPostProcessors (for example: not eligible for auto-proxying)
2016-11-18 13:04:02.876 [main] WARN  i.f.s.c.k.KubernetesClientProperties - No namespace has been detected. Please specify KUBERNETES_NAMESPACE env var, or use a later kubernetes version (1.3 or later)
2016-11-18 13:04:02.999 [main] INFO  c.i.rt.execution.junit.JUnitStarter - Started JUnitStarter in 1.203 seconds (JVM running for 3.596)
2016-11-18 13:04:13.236 [main] WARN  i.f.s.c.k.c.ConfigMapPropertySource - Can't read configMap with name: [ipservice] in namespace:[null]. Ignoring
2016-11-18 13:04:13.241 [main] INFO  o.s.c.b.c.PropertySourceBootstrapConfiguration - Located property source: ConfigMapPropertySource [name='configmap.ipservice.null']
2016-11-18 13:04:13.248 [main] INFO  c.v.mockmvc.AppInfoControllerTest - No active profile set, falling back to default profiles: default
2016-11-18 13:04:13.259 [main] INFO  o.s.w.c.s.GenericWebApplicationContext - Refreshing org.springframework.web.context.support.GenericWebApplicationContext@55a8dc49: startup date [Fri Nov 18 13:04:13 CST 2016]; parent: org.springframework.context.annotation.AnnotationConfigApplicationContext@7a67e3c6
2016-11-18 13:04:13.952 [main] INFO  o.s.b.f.s.DefaultListableBeanFactory - Overriding bean definition for bean 'beanNameViewResolver' with a different definition: replacing [Root bean: class [null]; scope=; abstract=false; lazyInit=false; autowireMode=3; dependencyCheck=0; autowireCandidate=true; primary=false; factoryBeanName=org.springframework.boot.autoconfigure.web.ErrorMvcAutoConfiguration$WhitelabelErrorViewConfiguration; factoryMethodName=beanNameViewResolver; initMethodName=null; destroyMethodName=(inferred); defined in class path resource [org/springframework/boot/autoconfigure/web/ErrorMvcAutoConfiguration$WhitelabelErrorViewConfiguration.class]] with [Root bean: class [null]; scope=; abstract=false; lazyInit=false; autowireMode=3; dependencyCheck=0; autowireCandidate=true; primary=false; factoryBeanName=org.springframework.boot.autoconfigure.web.WebMvcAutoConfiguration$WebMvcAutoConfigurationAdapter; factoryMethodName=beanNameViewResolver; initMethodName=null; destroyMethodName=(inferred); defined in class path resource [org/springframework/boot/autoconfigure/web/WebMvcAutoConfiguration$WebMvcAutoConfigurationAdapter.class]]
2016-11-18 13:04:14.308 [main] INFO  o.s.cloud.context.scope.GenericScope - BeanFactory id=e5d8baf2-46ad-385d-9c39-fe92e4b9fddd
2016-11-18 13:04:14.313 [main] INFO  o.s.b.f.a.AutowiredAnnotationBeanPostProcessor - JSR-330 'javax.inject.Inject' annotation found and supported for autowiring
2016-11-18 13:04:14.340 [main] WARN  o.s.b.f.s.DefaultListableBeanFactory - Bean creation exception on non-lazy FactoryBean type check: org.springframework.beans.factory.BeanCreationException: Error creating bean with name 'appConfigMapper' defined in file [/home/vpclub/openshift/fabric/ipservice/target/classes/cn/vpclub/storage/mapper/AppConfigMapper.class]: Cannot resolve reference to bean 'sqlSessionFactory' while setting bean property 'sqlSessionFactory'; nested exception is org.springframework.beans.factory.BeanCurrentlyInCreationException: Error creating bean with name 'sqlSessionFactory': Requested bean is currently in creation: Is there an unresolvable circular reference?
2016-11-18 13:04:14.341 [main] WARN  o.s.b.f.s.DefaultListableBeanFactory - Bean creation exception on non-lazy FactoryBean type check: org.springframework.beans.factory.BeanCreationException: Error creating bean with name 'sequencesMapper' defined in file [/home/vpclub/openshift/fabric/ipservice/target/classes/cn/vpclub/storage/mapper/SequencesMapper.class]: Cannot resolve reference to bean 'sqlSessionFactory' while setting bean property 'sqlSessionFactory'; nested exception is org.springframework.beans.factory.BeanCurrentlyInCreationException: Error creating bean with name 'sqlSessionFactory': Requested bean is currently in creation: Is there an unresolvable circular reference?
2016-11-18 13:04:14.345 [main] WARN  o.s.b.f.s.DefaultListableBeanFactory - Bean creation exception on non-lazy FactoryBean type check: org.springframework.beans.factory.BeanCreationException: Error creating bean with name 'appConfigMapper' defined in file [/home/vpclub/openshift/fabric/ipservice/target/classes/cn/vpclub/storage/mapper/AppConfigMapper.class]: Cannot resolve reference to bean 'sqlSessionFactory' while setting bean property 'sqlSessionFactory'; nested exception is org.springframework.beans.factory.BeanCurrentlyInCreationException: Error creating bean with name 'sqlSessionFactory': Requested bean is currently in creation: Is there an unresolvable circular reference?
2016-11-18 13:04:14.345 [main] WARN  o.s.b.f.s.DefaultListableBeanFactory - Bean creation exception on non-lazy FactoryBean type check: org.springframework.beans.factory.BeanCreationException: Error creating bean with name 'sequencesMapper' defined in file [/home/vpclub/openshift/fabric/ipservice/target/classes/cn/vpclub/storage/mapper/SequencesMapper.class]: Cannot resolve reference to bean 'sqlSessionFactory' while setting bean property 'sqlSessionFactory'; nested exception is org.springframework.beans.factory.BeanCurrentlyInCreationException: Error creating bean with name 'sqlSessionFactory': Requested bean is currently in creation: Is there an unresolvable circular reference?
2016-11-18 13:04:14.356 [main] WARN  o.s.b.f.s.DefaultListableBeanFactory - Bean creation exception on non-lazy FactoryBean type check: org.springframework.beans.factory.BeanCreationException: Error creating bean with name 'appConfigMapper' defined in file [/home/vpclub/openshift/fabric/ipservice/target/classes/cn/vpclub/storage/mapper/AppConfigMapper.class]: Cannot resolve reference to bean 'sqlSessionFactory' while setting bean property 'sqlSessionFactory'; nested exception is org.springframework.beans.factory.BeanCurrentlyInCreationException: Error creating bean with name 'sqlSessionFactory': Requested bean is currently in creation: Is there an unresolvable circular reference?
2016-11-18 13:04:14.356 [main] WARN  o.s.b.f.s.DefaultListableBeanFactory - Bean creation exception on non-lazy FactoryBean type check: org.springframework.beans.factory.BeanCreationException: Error creating bean with name 'sequencesMapper' defined in file [/home/vpclub/openshift/fabric/ipservice/target/classes/cn/vpclub/storage/mapper/SequencesMapper.class]: Cannot resolve reference to bean 'sqlSessionFactory' while setting bean property 'sqlSessionFactory'; nested exception is org.springframework.beans.factory.BeanCurrentlyInCreationException: Error creating bean with name 'sqlSessionFactory': Requested bean is currently in creation: Is there an unresolvable circular reference?
2016-11-18 13:04:14.358 [main] WARN  o.s.b.f.s.DefaultListableBeanFactory - Bean creation exception on non-lazy FactoryBean type check: org.springframework.beans.factory.BeanCreationException: Error creating bean with name 'appConfigMapper' defined in file [/home/vpclub/openshift/fabric/ipservice/target/classes/cn/vpclub/storage/mapper/AppConfigMapper.class]: Cannot resolve reference to bean 'sqlSessionFactory' while setting bean property 'sqlSessionFactory'; nested exception is org.springframework.beans.factory.BeanCurrentlyInCreationException: Error creating bean with name 'sqlSessionFactory': Requested bean is currently in creation: Is there an unresolvable circular reference?
2016-11-18 13:04:14.358 [main] WARN  o.s.b.f.s.DefaultListableBeanFactory - Bean creation exception on non-lazy FactoryBean type check: org.springframework.beans.factory.BeanCreationException: Error creating bean with name 'sequencesMapper' defined in file [/home/vpclub/openshift/fabric/ipservice/target/classes/cn/vpclub/storage/mapper/SequencesMapper.class]: Cannot resolve reference to bean 'sqlSessionFactory' while setting bean property 'sqlSessionFactory'; nested exception is org.springframework.beans.factory.BeanCurrentlyInCreationException: Error creating bean with name 'sqlSessionFactory': Requested bean is currently in creation: Is there an unresolvable circular reference?
2016-11-18 13:04:14.408 [main] INFO  o.s.c.s.PostProcessorRegistrationDelegate$BeanPostProcessorChecker - Bean 'spring.datasource.CONFIGURATION_PROPERTIES' of type [class org.springframework.boot.autoconfigure.jdbc.DataSourceProperties] is not eligible for getting processed by all BeanPostProcessors (for example: not eligible for auto-proxying)
2016-11-18 13:04:14.409 [main] INFO  o.s.c.s.PostProcessorRegistrationDelegate$BeanPostProcessorChecker - Bean 'org.springframework.boot.autoconfigure.jdbc.DataSourceAutoConfiguration$NonEmbeddedConfiguration' of type [class org.springframework.boot.autoconfigure.jdbc.DataSourceAutoConfiguration$NonEmbeddedConfiguration] is not eligible for getting processed by all BeanPostProcessors (for example: not eligible for auto-proxying)
2016-11-18 13:04:14.975 [main] INFO  o.s.c.s.PostProcessorRegistrationDelegate$BeanPostProcessorChecker - Bean 'dataSource' of type [class com.alibaba.druid.pool.DruidDataSource] is not eligible for getting processed by all BeanPostProcessors (for example: not eligible for auto-proxying)
2016-11-18 13:04:14.977 [main] INFO  o.s.c.s.PostProcessorRegistrationDelegate$BeanPostProcessorChecker - Bean 'mybatisConfiguration' of type [class cn.vpclub.storage.config.MybatisConfiguration$$EnhancerBySpringCGLIB$$2b70d672] is not eligible for getting processed by all BeanPostProcessors (for example: not eligible for auto-proxying)
2016-11-18 13:04:15.333 [main] INFO  o.s.c.s.PostProcessorRegistrationDelegate$BeanPostProcessorChecker - Bean 'sqlSessionFactory' of type [class org.apache.ibatis.session.defaults.DefaultSqlSessionFactory] is not eligible for getting processed by all BeanPostProcessors (for example: not eligible for auto-proxying)
2016-11-18 13:04:15.339 [main] INFO  o.s.c.s.PostProcessorRegistrationDelegate$BeanPostProcessorChecker - Bean 'appInfoMapper' of type [class tk.mybatis.spring.mapper.MapperFactoryBean] is not eligible for getting processed by all BeanPostProcessors (for example: not eligible for auto-proxying)
2016-11-18 13:04:15.340 [main] INFO  o.s.c.s.PostProcessorRegistrationDelegate$BeanPostProcessorChecker - Bean 'appConfigMapper' of type [class tk.mybatis.spring.mapper.MapperFactoryBean] is not eligible for getting processed by all BeanPostProcessors (for example: not eligible for auto-proxying)
2016-11-18 13:04:15.340 [main] INFO  o.s.c.s.PostProcessorRegistrationDelegate$BeanPostProcessorChecker - Bean 'sequencesMapper' of type [class tk.mybatis.spring.mapper.MapperFactoryBean] is not eligible for getting processed by all BeanPostProcessors (for example: not eligible for auto-proxying)
2016-11-18 13:04:15.371 [main] INFO  o.s.c.s.PostProcessorRegistrationDelegate$BeanPostProcessorChecker - Bean 'redisCacheConfig' of type [class cn.vpclub.storage.config.RedisCacheConfig$$EnhancerBySpringCGLIB$$1938a678] is not eligible for getting processed by all BeanPostProcessors (for example: not eligible for auto-proxying)
2016-11-18 13:04:15.386 [main] INFO  o.s.c.s.PostProcessorRegistrationDelegate$BeanPostProcessorChecker - Bean 'annotationDrivenTransactionManager' of type [class org.springframework.jdbc.datasource.DataSourceTransactionManager] is not eligible for getting processed by all BeanPostProcessors (for example: not eligible for auto-proxying)
2016-11-18 13:04:15.391 [main] INFO  o.s.c.s.PostProcessorRegistrationDelegate$BeanPostProcessorChecker - Bean 'org.springframework.transaction.annotation.ProxyTransactionManagementConfiguration' of type [class org.springframework.transaction.annotation.ProxyTransactionManagementConfiguration$$EnhancerBySpringCGLIB$$b9651f8c] is not eligible for getting processed by all BeanPostProcessors (for example: not eligible for auto-proxying)
2016-11-18 13:04:15.421 [main] INFO  o.s.c.s.PostProcessorRegistrationDelegate$BeanPostProcessorChecker - Bean 'org.springframework.cache.annotation.ProxyCachingConfiguration' of type [class org.springframework.cache.annotation.ProxyCachingConfiguration$$EnhancerBySpringCGLIB$$20c2e9ea] is not eligible for getting processed by all BeanPostProcessors (for example: not eligible for auto-proxying)
2016-11-18 13:04:15.458 [main] INFO  o.s.c.s.PostProcessorRegistrationDelegate$BeanPostProcessorChecker - Bean 'org.springframework.cloud.autoconfigure.RefreshAutoConfiguration$ConfigurationPropertiesRebinderConfiguration' of type [class org.springframework.cloud.autoconfigure.RefreshAutoConfiguration$ConfigurationPropertiesRebinderConfiguration$$EnhancerBySpringCGLIB$$aa680ca2] is not eligible for getting processed by all BeanPostProcessors (for example: not eligible for auto-proxying)
2016-11-18 13:04:15.682 [main] INFO  com.atomikos.logging.LoggerFactory - Using Slf4J for logging.
2016-11-18 13:04:15.682 [main] WARN  c.a.i.c.UserTransactionServiceImp - No properties path set - looking for transactions.properties in classpath...
2016-11-18 13:04:15.683 [main] WARN  c.a.i.c.UserTransactionServiceImp - transactions.properties not found - looking for jta.properties in classpath...
2016-11-18 13:04:15.684 [main] WARN  c.a.i.c.UserTransactionServiceImp - Failed to open transactions properties file - using default values
2016-11-18 13:04:15.698 [main] WARN  c.a.i.c.UserTransactionServiceImp - No properties path set - looking for transactions.properties in classpath...
2016-11-18 13:04:15.699 [main] WARN  c.a.i.c.UserTransactionServiceImp - transactions.properties not found - looking for jta.properties in classpath...
2016-11-18 13:04:15.699 [main] WARN  c.a.i.c.UserTransactionServiceImp - Failed to open transactions properties file - using default values
2016-11-18 13:04:15.752 [main] INFO  c.a.p.imp.StateRecoveryManagerImp - com.atomikos.persistence.imp.WriteAheadObjectLog instantiation failed - falling back to default
2016-11-18 13:04:15.753 [main] INFO  c.a.persistence.imp.FileLogStream - Starting read of logfile /home/vpclub/openshift/fabric/ipservice/./tmlog0.log
2016-11-18 13:04:15.753 [main] INFO  c.a.persistence.imp.FileLogStream - Done read of logfile
2016-11-18 13:04:15.754 [main] INFO  c.a.p.imp.AbstractLogStream - Logfile closed: /home/vpclub/openshift/fabric/ipservice/./tmlog0.log
2016-11-18 13:04:15.869 [main] INFO  c.a.i.c.i.AbstractUserTransactionService - USING core version: 3.9.3
2016-11-18 13:04:15.869 [main] INFO  c.a.i.c.i.AbstractUserTransactionService - USING com.atomikos.icatch.automatic_resource_registration = true
2016-11-18 13:04:15.869 [main] INFO  c.a.i.c.i.AbstractUserTransactionService - USING com.atomikos.icatch.client_demarcation = false
2016-11-18 13:04:15.869 [main] INFO  c.a.i.c.i.AbstractUserTransactionService - USING com.atomikos.icatch.threaded_2pc = false
2016-11-18 13:04:15.869 [main] INFO  c.a.i.c.i.AbstractUserTransactionService - USING com.atomikos.icatch.serial_jta_transactions = true
2016-11-18 13:04:15.869 [main] INFO  c.a.i.c.i.AbstractUserTransactionService - USING com.atomikos.icatch.serializable_logging = true
2016-11-18 13:04:15.869 [main] INFO  c.a.i.c.i.AbstractUserTransactionService - USING com.atomikos.icatch.log_base_dir = ./
2016-11-18 13:04:15.869 [main] INFO  c.a.i.c.i.AbstractUserTransactionService - USING com.atomikos.icatch.max_actives = 50
2016-11-18 13:04:15.869 [main] INFO  c.a.i.c.i.AbstractUserTransactionService - USING com.atomikos.icatch.checkpoint_interval = 500
2016-11-18 13:04:15.869 [main] INFO  c.a.i.c.i.AbstractUserTransactionService - USING com.atomikos.icatch.enable_logging = true
2016-11-18 13:04:15.869 [main] INFO  c.a.i.c.i.AbstractUserTransactionService - USING com.atomikos.icatch.output_dir = ./
2016-11-18 13:04:15.869 [main] INFO  c.a.i.c.i.AbstractUserTransactionService - USING com.atomikos.icatch.log_base_name = tmlog
2016-11-18 13:04:15.870 [main] INFO  c.a.i.c.i.AbstractUserTransactionService - USING com.atomikos.icatch.max_timeout = 300000
2016-11-18 13:04:15.870 [main] INFO  c.a.i.c.i.AbstractUserTransactionService - USING com.atomikos.icatch.tm_unique_name = 127.0.1.1.tm
2016-11-18 13:04:15.871 [main] INFO  c.a.i.c.i.AbstractUserTransactionService - USING java.naming.factory.initial = com.sun.jndi.rmi.registry.RegistryContextFactory
2016-11-18 13:04:15.871 [main] INFO  c.a.i.c.i.AbstractUserTransactionService - USING java.naming.provider.url = rmi://localhost:1099
2016-11-18 13:04:15.872 [main] INFO  c.a.i.c.i.AbstractUserTransactionService - USING com.atomikos.icatch.service = com.atomikos.icatch.standalone.UserTransactionServiceFactory
2016-11-18 13:04:15.872 [main] INFO  c.a.i.c.i.AbstractUserTransactionService - USING com.atomikos.icatch.force_shutdown_on_vm_exit = false
2016-11-18 13:04:15.872 [main] INFO  c.a.i.c.i.AbstractUserTransactionService - USING com.atomikos.icatch.default_jta_timeout = 10000
2016-11-18 13:04:15.879 [main] INFO  o.s.t.jta.JtaTransactionManager - Using JTA UserTransaction: com.atomikos.icatch.jta.UserTransactionImp@759de304
2016-11-18 13:04:15.879 [main] INFO  o.s.t.jta.JtaTransactionManager - Using JTA TransactionManager: com.atomikos.icatch.jta.UserTransactionManager@5649d11a
2016-11-18 13:04:16.363 [main] INFO  o.s.w.s.m.m.a.RequestMappingHandlerAdapter - Looking for @ControllerAdvice: org.springframework.web.context.support.GenericWebApplicationContext@55a8dc49: startup date [Fri Nov 18 13:04:13 CST 2016]; parent: org.springframework.context.annotation.AnnotationConfigApplicationContext@7a67e3c6
2016-11-18 13:04:16.422 [main] INFO  o.s.w.s.m.m.a.RequestMappingHandlerMapping - Mapped "{[/common/appInfo/findAllDataList],methods=[POST]}" onto public void cn.vpclub.web.AppInfoController.findAllDataList(java.util.Map<java.lang.String, java.lang.Object>,javax.servlet.http.HttpServletResponse)
2016-11-18 13:04:16.424 [main] INFO  o.s.w.s.m.m.a.RequestMappingHandlerMapping - Mapped "{[/common/appInfo/findDataInfo],methods=[POST]}" onto public void cn.vpclub.web.AppInfoController.findDataInfo(java.util.Map<java.lang.String, java.lang.Object>,javax.servlet.http.HttpServletResponse)
2016-11-18 13:04:16.424 [main] INFO  o.s.w.s.m.m.a.RequestMappingHandlerMapping - Mapped "{[/common/appInfo/findDataPage],methods=[POST]}" onto public void cn.vpclub.web.AppInfoController.findDataPage(cn.vpclub.api.model.request.AppInfoParam,javax.servlet.http.HttpServletResponse)
2016-11-18 13:04:16.424 [main] INFO  o.s.w.s.m.m.a.RequestMappingHandlerMapping - Mapped "{[/common/appInfo/deleteDataInfo],methods=[POST]}" onto public void cn.vpclub.web.AppInfoController.deleteDataInfo(java.util.Map<java.lang.String, java.lang.Object>,javax.servlet.http.HttpServletResponse)
2016-11-18 13:04:16.425 [main] INFO  o.s.w.s.m.m.a.RequestMappingHandlerMapping - Mapped "{[/ip],methods=[GET]}" onto public cn.vpclub.IPAddress cn.vpclub.IPAddressController.ipaddress() throws java.lang.Exception
2016-11-18 13:04:16.426 [main] INFO  o.s.w.s.m.m.a.RequestMappingHandlerMapping - Mapped "{[/error],produces=[text/html]}" onto public org.springframework.web.servlet.ModelAndView org.springframework.boot.autoconfigure.web.BasicErrorController.errorHtml(javax.servlet.http.HttpServletRequest,javax.servlet.http.HttpServletResponse)
2016-11-18 13:04:16.427 [main] INFO  o.s.w.s.m.m.a.RequestMappingHandlerMapping - Mapped "{[/error]}" onto public org.springframework.http.ResponseEntity<java.util.Map<java.lang.String, java.lang.Object>> org.springframework.boot.autoconfigure.web.BasicErrorController.error(javax.servlet.http.HttpServletRequest)
2016-11-18 13:04:16.462 [main] INFO  o.s.w.s.h.SimpleUrlHandlerMapping - Mapped URL path [/webjars/**] onto handler of type [class org.springframework.web.servlet.resource.ResourceHttpRequestHandler]
2016-11-18 13:04:16.463 [main] INFO  o.s.w.s.h.SimpleUrlHandlerMapping - Mapped URL path [/**] onto handler of type [class org.springframework.web.servlet.resource.ResourceHttpRequestHandler]
2016-11-18 13:04:16.509 [main] INFO  o.s.w.s.h.SimpleUrlHandlerMapping - Mapped URL path [/**/favicon.ico] onto handler of type [class org.springframework.web.servlet.resource.ResourceHttpRequestHandler]
2016-11-18 13:04:17.169 [main] INFO  o.s.b.a.e.mvc.EndpointHandlerMapping - Mapped "{[/info || /info.json],methods=[GET],produces=[application/json]}" onto public java.lang.Object org.springframework.boot.actuate.endpoint.mvc.EndpointMvcAdapter.invoke()
2016-11-18 13:04:17.172 [main] INFO  o.s.b.a.e.mvc.EndpointHandlerMapping - Mapped "{[/configprops || /configprops.json],methods=[GET],produces=[application/json]}" onto public java.lang.Object org.springframework.boot.actuate.endpoint.mvc.EndpointMvcAdapter.invoke()
2016-11-18 13:04:17.172 [main] INFO  o.s.b.a.e.mvc.EndpointHandlerMapping - Mapped "{[/resume || /resume.json],methods=[POST]}" onto public java.lang.Object org.springframework.cloud.endpoint.GenericPostableMvcEndpoint.invoke()
2016-11-18 13:04:17.173 [main] INFO  o.s.b.a.e.mvc.EndpointHandlerMapping - Mapped "{[/pause || /pause.json],methods=[POST]}" onto public java.lang.Object org.springframework.cloud.endpoint.GenericPostableMvcEndpoint.invoke()
2016-11-18 13:04:17.173 [main] INFO  o.s.b.a.e.mvc.EndpointHandlerMapping - Mapped "{[/mappings || /mappings.json],methods=[GET],produces=[application/json]}" onto public java.lang.Object org.springframework.boot.actuate.endpoint.mvc.EndpointMvcAdapter.invoke()
2016-11-18 13:04:17.174 [main] INFO  o.s.b.a.e.mvc.EndpointHandlerMapping - Mapped "{[/autoconfig || /autoconfig.json],methods=[GET],produces=[application/json]}" onto public java.lang.Object org.springframework.boot.actuate.endpoint.mvc.EndpointMvcAdapter.invoke()
2016-11-18 13:04:17.175 [main] INFO  o.s.b.a.e.mvc.EndpointHandlerMapping - Mapped "{[/env/{name:.*}],methods=[GET],produces=[application/json]}" onto public java.lang.Object org.springframework.boot.actuate.endpoint.mvc.EnvironmentMvcEndpoint.value(java.lang.String)
2016-11-18 13:04:17.175 [main] INFO  o.s.b.a.e.mvc.EndpointHandlerMapping - Mapped "{[/env || /env.json],methods=[GET],produces=[application/json]}" onto public java.lang.Object org.springframework.boot.actuate.endpoint.mvc.EndpointMvcAdapter.invoke()
2016-11-18 13:04:17.176 [main] INFO  o.s.b.a.e.mvc.EndpointHandlerMapping - Mapped "{[/dump || /dump.json],methods=[GET],produces=[application/json]}" onto public java.lang.Object org.springframework.boot.actuate.endpoint.mvc.EndpointMvcAdapter.invoke()
2016-11-18 13:04:17.177 [main] INFO  o.s.b.a.e.mvc.EndpointHandlerMapping - Mapped "{[/env],methods=[POST]}" onto public java.lang.Object org.springframework.cloud.context.environment.EnvironmentManagerMvcEndpoint.value(java.util.Map<java.lang.String, java.lang.String>)
2016-11-18 13:04:17.177 [main] INFO  o.s.b.a.e.mvc.EndpointHandlerMapping - Mapped "{[/env/reset],methods=[POST]}" onto public java.util.Map<java.lang.String, java.lang.Object> org.springframework.cloud.context.environment.EnvironmentManagerMvcEndpoint.reset()
2016-11-18 13:04:17.178 [main] INFO  o.s.b.a.e.mvc.EndpointHandlerMapping - Mapped "{[/restart || /restart.json],methods=[POST]}" onto public java.lang.Object org.springframework.cloud.context.restart.RestartMvcEndpoint.invoke()
2016-11-18 13:04:17.179 [main] INFO  o.s.b.a.e.mvc.EndpointHandlerMapping - Mapped "{[/metrics/{name:.*}],methods=[GET],produces=[application/json]}" onto public java.lang.Object org.springframework.boot.actuate.endpoint.mvc.MetricsMvcEndpoint.value(java.lang.String)
2016-11-18 13:04:17.179 [main] INFO  o.s.b.a.e.mvc.EndpointHandlerMapping - Mapped "{[/metrics || /metrics.json],methods=[GET],produces=[application/json]}" onto public java.lang.Object org.springframework.boot.actuate.endpoint.mvc.EndpointMvcAdapter.invoke()
2016-11-18 13:04:17.180 [main] INFO  o.s.b.a.e.mvc.EndpointHandlerMapping - Mapped "{[/beans || /beans.json],methods=[GET],produces=[application/json]}" onto public java.lang.Object org.springframework.boot.actuate.endpoint.mvc.EndpointMvcAdapter.invoke()
2016-11-18 13:04:17.181 [main] INFO  o.s.b.a.e.mvc.EndpointHandlerMapping - Mapped "{[/trace || /trace.json],methods=[GET],produces=[application/json]}" onto public java.lang.Object org.springframework.boot.actuate.endpoint.mvc.EndpointMvcAdapter.invoke()
2016-11-18 13:04:17.181 [main] INFO  o.s.b.a.e.mvc.EndpointHandlerMapping - Mapped "{[/health || /health.json],produces=[application/json]}" onto public java.lang.Object org.springframework.boot.actuate.endpoint.mvc.HealthMvcEndpoint.invoke(java.security.Principal)
2016-11-18 13:04:17.182 [main] INFO  o.s.b.a.e.mvc.EndpointHandlerMapping - Mapped "{[/refresh || /refresh.json],methods=[POST]}" onto public java.lang.Object org.springframework.cloud.endpoint.GenericPostableMvcEndpoint.invoke()
2016-11-18 13:04:17.361 [main] INFO  c.v.mockmvc.AppInfoControllerTest - Started AppInfoControllerTest in 15.725 seconds (JVM running for 17.958)
2016-11-18 13:04:17.414 [main] INFO  o.s.b.t.SpringBootMockServletContext - Initializing Spring FrameworkServlet ''
2016-11-18 13:04:17.414 [main] INFO  o.s.t.w.s.TestDispatcherServlet - FrameworkServlet '': initialization started
2016-11-18 13:04:17.434 [main] INFO  o.s.t.w.s.TestDispatcherServlet - FrameworkServlet '': initialization completed in 19 ms
2016-11-18 13:04:17.465 [main] INFO  c.v.mockmvc.AppInfoControllerTest - paramMap: {"pageNumber":1,"pageSize":10,"token":null}
2016-11-18 13:04:17.538 [main] INFO  cn.vpclub.web.AppInfoController - findDataPage method request: {"pageSize":10,"startRow":0,"pageNo":null,"orderBy":"","appName":null}
2016-11-18 13:04:17.910 [main] INFO  c.alibaba.druid.pool.DruidDataSource - {dataSource-1} inited
2016-11-18 13:04:17.920 [main] INFO  c.v.service.impl.AppInfoServiceImpl - findDataPage method param data: {"pageSize":10,"startRow":0,"pageNo":null,"orderBy":"","appName":null}
2016-11-18 13:04:18.106 [main] INFO  cn.vpclub.web.AppInfoController - findDataPage method return data: {"pageSize":10,"pageNumber":null,"totalRecord":12,"returnCode":1000,"message":"","pageData":[{"id":"3f429da418de4998b250a54400814c8e","appId":20000105,"parentAppId":0,"appName":"","appSecretKey":null,"createBy":"ceshi","createDate":1477379701000,"updateBy":null,"updateDate":1477379701000,"delFlag":0,"remarks":null},{"id":"ef4ca1dc5c444c6f817a338fa01413da","appId":20000105,"parentAppId":0,"appName":"","appSecretKey":null,"createBy":"ceshi","createDate":1477379875000,"updateBy":null,"updateDate":1477379875000,"delFlag":0,"remarks":null},{"id":"28e663b5d52f424494f3bf8fe280e21d","appId":100000034,"parentAppId":0,"appName":"O2O","appSecretKey":"6E30847A1E96BF2C","createBy":"1","createDate":1467636852000,"updateBy":"1","updateDate":1468484646000,"delFlag":0,"remarks":""},{"id":"1899833e5fbf4dfba27a37e13cb5f932","appId":100000054,"parentAppId":0,"appName":"","appSecretKey":null,"createBy":null,"createDate":1478251859000,"updateBy":"1","updateDate":1478251859000,"delFlag":0,"remarks":""},{"id":"d6605e4daf844f56b333f2d72692fb7a","appId":100000058,"parentAppId":0,"appName":"","appSecretKey":null,"createBy":null,"createDate":1470193301000,"updateBy":"1","updateDate":1470195739000,"delFlag":0,"remarks":""},{"id":"2f2f4790e8014258960e61257cbb9695","appId":200000014,"parentAppId":0,"appName":"","appSecretKey":"6E30847A1E96BF2C","createBy":"1","createDate":1468234942000,"updateBy":"1","updateDate":1469590204000,"delFlag":0,"remarks":"appInfo"},{"id":"9a83504d443a47ebae8d62caf009155e","appId":200000018,"parentAppId":0,"appName":"","appSecretKey":null,"createBy":"ceshi","createDate":1469442136000,"updateBy":"1","updateDate":1469775286000,"delFlag":0,"remarks":""},{"id":"b6a7dec2c82040519174f1ceda73026a","appId":200000047,"parentAppId":0,"appName":"","appSecretKey":null,"createBy":"ceshi","createDate":1477379701000,"updateBy":null,"updateDate":1477379701000,"delFlag":0,"remarks":null},{"id":"d333f8c979dc4b74ab9f186e75dd5e18","appId":200000049,"parentAppId":0,"appName":"","appSecretKey":null,"createBy":"ceshi","createDate":1477379875000,"updateBy":null,"updateDate":1477379875000,"delFlag":0,"remarks":null},{"id":"3ece622173634613b0dd914ddc460c27","appId":200000051,"parentAppId":0,"appName":"","appSecretKey":null,"createBy":"ceshi","createDate":1478062037000,"updateBy":null,"updateDate":1478062037000,"delFlag":0,"remarks":null}]}
2016-11-18 13:04:18.110 [main] INFO  c.v.mockmvc.AppInfoControllerTest - {"pageSize":10,"pageNumber":null,"totalRecord":12,"returnCode":1000,"message":"","pageData":[{"id":"3f429da418de4998b250a54400814c8e","appId":20000105,"parentAppId":0,"appName":"","appSecretKey":null,"createBy":"ceshi","createDate":1477379701000,"updateBy":null,"updateDate":1477379701000,"delFlag":0,"remarks":null},{"id":"ef4ca1dc5c444c6f817a338fa01413da","appId":20000105,"parentAppId":0,"appName":"","appSecretKey":null,"createBy":"ceshi","createDate":1477379875000,"updateBy":null,"updateDate":1477379875000,"delFlag":0,"remarks":null},{"id":"28e663b5d52f424494f3bf8fe280e21d","appId":100000034,"parentAppId":0,"appName":"O2O","appSecretKey":"6E30847A1E96BF2C","createBy":"1","createDate":1467636852000,"updateBy":"1","updateDate":1468484646000,"delFlag":0,"remarks":""},{"id":"1899833e5fbf4dfba27a37e13cb5f932","appId":100000054,"parentAppId":0,"appName":"","appSecretKey":null,"createBy":null,"createDate":1478251859000,"updateBy":"1","updateDate":1478251859000,"delFlag":0,"remarks":""},{"id":"d6605e4daf844f56b333f2d72692fb7a","appId":100000058,"parentAppId":0,"appName":"","appSecretKey":null,"createBy":null,"createDate":1470193301000,"updateBy":"1","updateDate":1470195739000,"delFlag":0,"remarks":""},{"id":"2f2f4790e8014258960e61257cbb9695","appId":200000014,"parentAppId":0,"appName":"","appSecretKey":"6E30847A1E96BF2C","createBy":"1","createDate":1468234942000,"updateBy":"1","updateDate":1469590204000,"delFlag":0,"remarks":"appInfo"},{"id":"9a83504d443a47ebae8d62caf009155e","appId":200000018,"parentAppId":0,"appName":"","appSecretKey":null,"createBy":"ceshi","createDate":1469442136000,"updateBy":"1","updateDate":1469775286000,"delFlag":0,"remarks":""},{"id":"b6a7dec2c82040519174f1ceda73026a","appId":200000047,"parentAppId":0,"appName":"","appSecretKey":null,"createBy":"ceshi","createDate":1477379701000,"updateBy":null,"updateDate":1477379701000,"delFlag":0,"remarks":null},{"id":"d333f8c979dc4b74ab9f186e75dd5e18","appId":200000049,"parentAppId":0,"appName":"","appSecretKey":null,"createBy":"ceshi","createDate":1477379875000,"updateBy":null,"updateDate":1477379875000,"delFlag":0,"remarks":null},{"id":"3ece622173634613b0dd914ddc460c27","appId":200000051,"parentAppId":0,"appName":"","appSecretKey":null,"createBy":"ceshi","createDate":1478062037000,"updateBy":null,"updateDate":1478062037000,"delFlag":0,"remarks":null}]}
2016-11-18 13:04:18.122 [Thread-2] INFO  o.s.c.a.AnnotationConfigApplicationContext - Closing org.springframework.context.annotation.AnnotationConfigApplicationContext@7a67e3c6: startup date [Fri Nov 18 13:04:02 CST 2016]; root of context hierarchy
2016-11-18 13:04:18.122 [Thread-2] INFO  o.s.w.c.s.GenericWebApplicationContext - Closing org.springframework.web.context.support.GenericWebApplicationContext@55a8dc49: startup date [Fri Nov 18 13:04:13 CST 2016]; parent: org.springframework.context.annotation.AnnotationConfigApplicationContext@7a67e3c6
2016-11-18 13:04:18.141 [Thread-2] INFO  c.a.p.imp.AbstractLogStream - Logfile closed: /home/vpclub/openshift/fabric/ipservice/./tmlog1.log
2016-11-18 13:04:18.142 [Thread-2] INFO  c.a.icatch.imp.thread.TaskManager - THREADS: using JDK thread pooling...
2016-11-18 13:04:18.152 [Thread-2] WARN  o.s.b.f.s.DisposableBeanAdapter - Invocation of destroy method 'close' failed on bean with name 'sqlSessionTemplate': java.lang.UnsupportedOperationException: Manual close is not allowed over a Spring managed SqlSession
2016-11-18 13:04:18.155 [Thread-2] INFO  c.alibaba.druid.pool.DruidDataSource - {dataSource-1} closed
